<?xml version="1.0" encoding="UTF-8"?>
<!-- Generated by org.testng.reporters.JUnitXMLReporter -->
<testsuite ignored="0" hostname="Sangs-MBP" failures="0" tests="10" name="com.FirstTest" time="0.038" errors="0" timestamp="2021-10-25T16:59:25 CDT">
  <testcase classname="BaseTest" name="@BeforeMethod SetUp" time="0.014">
    <failure type="java.lang.NoSuchMethodError" message="&amp;apos;org.openqa.selenium.chromium.ChromiumOptions org.openqa.selenium.chrome.ChromeOptions.addArguments(java.lang.String[])&amp;apos;">
      <![CDATA[java.lang.NoSuchMethodError: 'org.openqa.selenium.chromium.ChromiumOptions org.openqa.selenium.chrome.ChromeOptions.addArguments(java.lang.String[])'
at BrowserOptions.getChromeOptions(BrowserOptions.java:7)
at CapabilitiesOptions.getCapabilities(CapabilitiesOptions.java:8)
at BaseTest.SetUp(BaseTest.java:17)
at java.base/java.util.concurrent.ThreadPoolExecutor.runWorker(ThreadPoolExecutor.java:1130)
at java.base/java.util.concurrent.ThreadPoolExecutor$Worker.run(ThreadPoolExecutor.java:630)
at java.base/java.lang.Thread.run(Thread.java:832)
... Removed 16 stack frames]]>
    </failure>
  </testcase> <!-- @BeforeMethod SetUp -->
  <testcase classname="BaseTest" name="@BeforeMethod SetUp" time="0.014">
    <failure type="java.lang.NoSuchMethodError" message="&amp;apos;org.openqa.selenium.chromium.ChromiumOptions org.openqa.selenium.chrome.ChromeOptions.addArguments(java.lang.String[])&amp;apos;">
      <![CDATA[java.lang.NoSuchMethodError: 'org.openqa.selenium.chromium.ChromiumOptions org.openqa.selenium.chrome.ChromeOptions.addArguments(java.lang.String[])'
at BrowserOptions.getChromeOptions(BrowserOptions.java:7)
at CapabilitiesOptions.getCapabilities(CapabilitiesOptions.java:8)
at BaseTest.SetUp(BaseTest.java:17)
at java.base/java.util.concurrent.ThreadPoolExecutor.runWorker(ThreadPoolExecutor.java:1130)
at java.base/java.util.concurrent.ThreadPoolExecutor$Worker.run(ThreadPoolExecutor.java:630)
at java.base/java.lang.Thread.run(Thread.java:832)
... Removed 16 stack frames]]>
    </failure>
  </testcase> <!-- @BeforeMethod SetUp -->
  <testcase classname="BaseTest" name="@BeforeMethod SetUp" time="0.014">
    <failure type="java.lang.NoSuchMethodError" message="&amp;apos;org.openqa.selenium.chromium.ChromiumOptions org.openqa.selenium.chrome.ChromeOptions.addArguments(java.lang.String[])&amp;apos;">
      <![CDATA[java.lang.NoSuchMethodError: 'org.openqa.selenium.chromium.ChromiumOptions org.openqa.selenium.chrome.ChromeOptions.addArguments(java.lang.String[])'
at BrowserOptions.getChromeOptions(BrowserOptions.java:7)
at CapabilitiesOptions.getCapabilities(CapabilitiesOptions.java:8)
at BaseTest.SetUp(BaseTest.java:17)
at java.base/java.util.concurrent.ThreadPoolExecutor.runWorker(ThreadPoolExecutor.java:1130)
at java.base/java.util.concurrent.ThreadPoolExecutor$Worker.run(ThreadPoolExecutor.java:630)
at java.base/java.lang.Thread.run(Thread.java:832)
... Removed 16 stack frames]]>
    </failure>
  </testcase> <!-- @BeforeMethod SetUp -->
  <testcase classname="BaseTest" name="@BeforeMethod SetUp" time="0.014">
    <failure type="java.lang.NoSuchMethodError" message="&amp;apos;org.openqa.selenium.chromium.ChromiumOptions org.openqa.selenium.chrome.ChromeOptions.addArguments(java.lang.String[])&amp;apos;">
      <![CDATA[java.lang.NoSuchMethodError: 'org.openqa.selenium.chromium.ChromiumOptions org.openqa.selenium.chrome.ChromeOptions.addArguments(java.lang.String[])'
at BrowserOptions.getChromeOptions(BrowserOptions.java:7)
at CapabilitiesOptions.getCapabilities(CapabilitiesOptions.java:8)
at BaseTest.SetUp(BaseTest.java:17)
at java.base/java.util.concurrent.ThreadPoolExecutor.runWorker(ThreadPoolExecutor.java:1130)
at java.base/java.util.concurrent.ThreadPoolExecutor$Worker.run(ThreadPoolExecutor.java:630)
at java.base/java.lang.Thread.run(Thread.java:832)
... Removed 16 stack frames]]>
    </failure>
  </testcase> <!-- @BeforeMethod SetUp -->
  <testcase classname="BaseTest" name="@BeforeMethod SetUp" time="0.014">
    <failure type="java.lang.NoSuchMethodError" message="&amp;apos;org.openqa.selenium.chromium.ChromiumOptions org.openqa.selenium.chrome.ChromeOptions.addArguments(java.lang.String[])&amp;apos;">
      <![CDATA[java.lang.NoSuchMethodError: 'org.openqa.selenium.chromium.ChromiumOptions org.openqa.selenium.chrome.ChromeOptions.addArguments(java.lang.String[])'
at BrowserOptions.getChromeOptions(BrowserOptions.java:7)
at CapabilitiesOptions.getCapabilities(CapabilitiesOptions.java:8)
at BaseTest.SetUp(BaseTest.java:17)
at java.base/java.util.concurrent.ThreadPoolExecutor.runWorker(ThreadPoolExecutor.java:1130)
at java.base/java.util.concurrent.ThreadPoolExecutor$Worker.run(ThreadPoolExecutor.java:630)
at java.base/java.lang.Thread.run(Thread.java:832)
... Removed 16 stack frames]]>
    </failure>
  </testcase> <!-- @BeforeMethod SetUp -->
  <testcase classname="BaseTest" name="@AfterMethod TearDown" time="-1.635199165864E9">
    <skipped/>
  </testcase> <!-- @AfterMethod TearDown -->
  <testcase classname="BaseTest" name="@AfterMethod TearDown" time="-1.635199165864E9">
    <skipped/>
  </testcase> <!-- @AfterMethod TearDown -->
  <testcase classname="BaseTest" name="@AfterMethod TearDown" time="-1.635199165864E9">
    <skipped/>
  </testcase> <!-- @AfterMethod TearDown -->
  <testcase classname="BaseTest" name="@AfterMethod TearDown" time="-1.635199165864E9">
    <skipped/>
  </testcase> <!-- @AfterMethod TearDown -->
  <testcase classname="BaseTest" name="@AfterMethod TearDown" time="-1.635199165864E9">
    <skipped/>
  </testcase> <!-- @AfterMethod TearDown -->
  <testcase classname="BaseTest" name="@BeforeMethod SetUp" time="-1.635199165865E9">
    <skipped/>
  </testcase> <!-- @BeforeMethod SetUp -->
  <testcase classname="BaseTest" name="@BeforeMethod SetUp" time="-1.635199165865E9">
    <skipped/>
  </testcase> <!-- @BeforeMethod SetUp -->
  <testcase classname="BaseTest" name="@BeforeMethod SetUp" time="-1.635199165865E9">
    <skipped/>
  </testcase> <!-- @BeforeMethod SetUp -->
  <testcase classname="BaseTest" name="@BeforeMethod SetUp" time="-1.635199165865E9">
    <skipped/>
  </testcase> <!-- @BeforeMethod SetUp -->
  <testcase classname="BaseTest" name="@BeforeMethod SetUp" time="-1.635199165865E9">
    <skipped/>
  </testcase> <!-- @BeforeMethod SetUp -->
  <testcase classname="BaseTest" name="@AfterMethod TearDown" time="-1.635199165865E9">
    <skipped/>
  </testcase> <!-- @AfterMethod TearDown -->
  <testcase classname="BaseTest" name="@AfterMethod TearDown" time="-1.635199165865E9">
    <skipped/>
  </testcase> <!-- @AfterMethod TearDown -->
  <testcase classname="BaseTest" name="@AfterMethod TearDown" time="-1.635199165866E9">
    <skipped/>
  </testcase> <!-- @AfterMethod TearDown -->
  <testcase classname="BaseTest" name="@AfterMethod TearDown" time="-1.635199165866E9">
    <skipped/>
  </testcase> <!-- @AfterMethod TearDown -->
  <testcase classname="BaseTest" name="@AfterMethod TearDown" time="-1.635199165866E9">
    <skipped/>
  </testcase> <!-- @AfterMethod TearDown -->
  <testcase classname="BaseTest" name="@AfterClass Terminate" time="-1.635199165866E9">
    <skipped/>
  </testcase> <!-- @AfterClass Terminate -->
  <testcase classname="TestsCICD" name="RandomTest2" time="0.0">
    <skipped/>
  </testcase> <!-- RandomTest2 -->
  <testcase classname="TestsCICD" name="RandomTest3" time="0.0">
    <skipped/>
  </testcase> <!-- RandomTest3 -->
  <testcase classname="TestsCICD" name="RandomTest" time="0.0">
    <skipped/>
  </testcase> <!-- RandomTest -->
  <testcase classname="TestsCICD" name="RandomTest4" time="0.0">
    <skipped/>
  </testcase> <!-- RandomTest4 -->
  <testcase classname="TestsCICD" name="RandomTest5" time="0.0">
    <skipped/>
  </testcase> <!-- RandomTest5 -->
  <testcase classname="TestsCICD" name="RandomTest6" time="0.0">
    <skipped/>
  </testcase> <!-- RandomTest6 -->
  <testcase classname="TestsCICD" name="RandomTest7" time="0.0">
    <skipped/>
  </testcase> <!-- RandomTest7 -->
  <testcase classname="TestsCICD" name="RandomTest9" time="0.0">
    <skipped/>
  </testcase> <!-- RandomTest9 -->
  <testcase classname="TestsCICD" name="RandomTest8" time="0.0">
    <skipped/>
  </testcase> <!-- RandomTest8 -->
  <testcase classname="TestsCICD" name="RandomTest10" time="0.0">
    <skipped/>
  </testcase> <!-- RandomTest10 -->
</testsuite> <!-- com.FirstTest -->
