<?xml version="1.0" encoding="UTF-8"?>
<!-- Generated by org.testng.reporters.JUnitXMLReporter -->
<testsuite ignored="0" hostname="PPI-CG3YEMD6R" failures="0" tests="5" name="com.regression" time="3.28" errors="0" timestamp="2022-03-04T15:13:50 CST">
  <testcase classname="RandomTests" name="RandomTest4" time="0.974"/>
  <testcase classname="RandomTests" name="RandomTest5" time="1.133"/>
  <testcase classname="RandomTests" name="RandomTest3" time="1.163"/>
  <testcase classname="RandomTests" name="RandomTest" time="1.24"/>
  <testcase classname="RandomTests" name="RandomTest2" time="1.347"/>
</testsuite> <!-- com.regression -->
