<?xml version="1.0" encoding="UTF-8"?>
<testng-results ignored="0" total="2" passed="2" failed="0" skipped="0">
  <reporter-output>
  </reporter-output>
  <suite started-at="2022-02-21T16:05:45 CST" name="Suite" finished-at="2022-02-21T16:05:49 CST" duration-ms="4501">
    <groups>
    </groups>
    <test started-at="2022-02-21T16:05:45 CST" name="com.regression" finished-at="2022-02-21T16:05:49 CST" duration-ms="4501">
      <class name="RandomTests">
        <test-method is-config="true" signature="SetUp(java.lang.String)[pri:0, instance:RandomTests@57ad2aa7]" started-at="2022-02-21T16:05:45 CST" name="SetUp" finished-at="2022-02-21T16:05:46 CST" duration-ms="1343" status="PASS">
          <params>
            <param index="0">
              <value>
                <![CDATA[chrome]]>
              </value>
            </param>
          </params>
          <reporter-output>
          </reporter-output>
        </test-method> <!-- SetUp -->
        <test-method is-config="true" signature="SetUp(java.lang.String)[pri:0, instance:RandomTests@57ad2aa7]" started-at="2022-02-21T16:05:45 CST" name="SetUp" finished-at="2022-02-21T16:05:46 CST" duration-ms="1343" status="PASS">
          <params>
            <param index="0">
              <value>
                <![CDATA[chrome]]>
              </value>
            </param>
          </params>
          <reporter-output>
          </reporter-output>
        </test-method> <!-- SetUp -->
        <test-method signature="RandomTest()[pri:0, instance:RandomTests@57ad2aa7]" started-at="2022-02-21T16:05:46 CST" name="RandomTest" finished-at="2022-02-21T16:05:49 CST" duration-ms="3061" status="PASS">
          <reporter-output>
          </reporter-output>
        </test-method> <!-- RandomTest -->
        <test-method signature="RandomTest2()[pri:0, instance:RandomTests@57ad2aa7]" started-at="2022-02-21T16:05:46 CST" name="RandomTest2" finished-at="2022-02-21T16:05:47 CST" duration-ms="865" status="PASS">
          <reporter-output>
          </reporter-output>
        </test-method> <!-- RandomTest2 -->
        <test-method is-config="true" signature="TearDown()[pri:0, instance:RandomTests@57ad2aa7]" started-at="2022-02-21T16:05:47 CST" name="TearDown" finished-at="2022-02-21T16:05:47 CST" duration-ms="76" status="PASS">
          <reporter-output>
          </reporter-output>
        </test-method> <!-- TearDown -->
        <test-method is-config="true" signature="TearDown()[pri:0, instance:RandomTests@57ad2aa7]" started-at="2022-02-21T16:05:49 CST" name="TearDown" finished-at="2022-02-21T16:05:49 CST" duration-ms="61" status="PASS">
          <reporter-output>
          </reporter-output>
        </test-method> <!-- TearDown -->
      </class> <!-- RandomTests -->
    </test> <!-- com.regression -->
  </suite> <!-- Suite -->
</testng-results>
