<?xml version="1.0" encoding="UTF-8"?>
<testng-results ignored="0" total="2" passed="2" failed="0" skipped="0">
  <reporter-output>
  </reporter-output>
  <suite started-at="2022-03-02T10:48:34 CST" name="Suite" finished-at="2022-03-02T10:48:38 CST" duration-ms="3259">
    <groups>
    </groups>
    <test started-at="2022-03-02T10:48:34 CST" name="com.regression" finished-at="2022-03-02T10:48:38 CST" duration-ms="3259">
      <class name="RandomTests">
        <test-method is-config="true" signature="SetUp(java.lang.String)[pri:0, instance:RandomTests@518caac3]" started-at="2022-03-02T10:48:34 CST" name="SetUp" finished-at="2022-03-02T10:48:37 CST" duration-ms="2225" status="PASS">
          <params>
            <param index="0">
              <value>
                <![CDATA[chrome]]>
              </value>
            </param>
          </params>
          <reporter-output>
          </reporter-output>
        </test-method> <!-- SetUp -->
        <test-method is-config="true" signature="SetUp(java.lang.String)[pri:0, instance:RandomTests@518caac3]" started-at="2022-03-02T10:48:34 CST" name="SetUp" finished-at="2022-03-02T10:48:37 CST" duration-ms="2225" status="PASS">
          <params>
            <param index="0">
              <value>
                <![CDATA[chrome]]>
              </value>
            </param>
          </params>
          <reporter-output>
          </reporter-output>
        </test-method> <!-- SetUp -->
        <test-method signature="RandomTest()[pri:0, instance:RandomTests@518caac3]" started-at="2022-03-02T10:48:37 CST" name="RandomTest" finished-at="2022-03-02T10:48:38 CST" duration-ms="929" status="PASS">
          <reporter-output>
          </reporter-output>
        </test-method> <!-- RandomTest -->
        <test-method signature="RandomTest2()[pri:0, instance:RandomTests@518caac3]" started-at="2022-03-02T10:48:37 CST" name="RandomTest2" finished-at="2022-03-02T10:48:38 CST" duration-ms="924" status="PASS">
          <reporter-output>
          </reporter-output>
        </test-method> <!-- RandomTest2 -->
        <test-method is-config="true" signature="TearDown()[pri:0, instance:RandomTests@518caac3]" started-at="2022-03-02T10:48:38 CST" name="TearDown" finished-at="2022-03-02T10:48:38 CST" duration-ms="69" status="PASS">
          <reporter-output>
          </reporter-output>
        </test-method> <!-- TearDown -->
        <test-method is-config="true" signature="TearDown()[pri:0, instance:RandomTests@518caac3]" started-at="2022-03-02T10:48:38 CST" name="TearDown" finished-at="2022-03-02T10:48:38 CST" duration-ms="73" status="PASS">
          <reporter-output>
          </reporter-output>
        </test-method> <!-- TearDown -->
      </class> <!-- RandomTests -->
    </test> <!-- com.regression -->
  </suite> <!-- Suite -->
</testng-results>
