<?xml version="1.0" encoding="UTF-8"?>
<testsuite xmlns:xsi="http://www.w3.org/2001/XMLSchema-instance" xsi:schemaLocation="https://maven.apache.org/surefire/maven-surefire-plugin/xsd/surefire-test-report.xsd" name="TestSuite" time="5.131" tests="10" errors="0" skipped="0" failures="1">
  <properties>
[...]
</properties>
  <testcase name="RandomTest4" classname="TestsCICD" time="0.568"/>
  <testcase name="RandomTest5" classname="TestsCICD" time="0.688"/>
  <testcase name="RandomTest3" classname="TestsCICD" time="0.818"/>
  <testcase name="RandomTest" classname="TestsCICD" time="0.847"/>
  <testcase name="RandomTest2" classname="TestsCICD" time="1.417"/>
  <testcase name="RandomTest6" classname="TestsCICD" time="0.359"/>
  <testcase name="RandomTest7" classname="TestsCICD" time="0.468"/>
  <testcase name="RandomTest8" classname="TestsCICD" time="0.589"/>
  <testcase name="RandomTest9" classname="TestsCICD" time="0.738"/>
  <testcase name="RandomTest10" classname="TestsCICD" time="0.526">
    <failure message="no such element: Unable to locate element: {&quot;method&quot;:&quot;css selector&quot;,&quot;selector&quot;:&quot;#hello\ fail&quot;}&#10;  (Session info: chrome=78.0.3904.70)&#10;For documentation on this error, please visit: https://www.seleniumhq.org/exceptions/no_such_element.html&#10;Build info: version: &apos;3.141.59&apos;, revision: &apos;e82be7d358&apos;, time: &apos;2018-11-14T08:17:03&apos;&#10;System info: host: &apos;Sangs-MBP&apos;, ip: &apos;2600:1700:eec0:7870:0:0:0:722%en0&apos;, os.name: &apos;Mac OS X&apos;, os.arch: &apos;x86_64&apos;, os.version: &apos;10.16&apos;, java.version: &apos;15.0.1&apos;&#10;Driver info: org.openqa.selenium.remote.RemoteWebDriver&#10;Capabilities {acceptInsecureCerts: false, browserName: chrome, browserVersion: 78.0.3904.70, chrome: {chromedriverVersion: 78.0.3904.70 (edb9c9f3de024..., userDataDir: /tmp/.com.google.Chrome.UV9r6j}, goog:chromeOptions: {debuggerAddress: localhost:42687}, javascriptEnabled: true, networkConnectionEnabled: false, pageLoadStrategy: normal, platform: LINUX, platformName: LINUX, proxy: Proxy(), setWindowRect: true, strictFileInteractability: false, timeouts: {implicit: 0, pageLoad: 300000, script: 30000}, unhandledPromptBehavior: dismiss and notify, webdriver.remote.sessionid: b0800ae39adb2ae89d5b1632427...}&#10;Session ID: b0800ae39adb2ae89d5b163242711994&#10;*** Element info: {Using=id, value=hello fail}" type="org.openqa.selenium.NoSuchElementException">org.openqa.selenium.NoSuchElementException: 
no such element: Unable to locate element: {"method":"css selector","selector":"#hello\ fail"}
  (Session info: chrome=78.0.3904.70)
For documentation on this error, please visit: https://www.seleniumhq.org/exceptions/no_such_element.html
Build info: version: '3.141.59', revision: 'e82be7d358', time: '2018-11-14T08:17:03'
System info: host: 'Sangs-MBP', ip: '2600:1700:eec0:7870:0:0:0:722%en0', os.name: 'Mac OS X', os.arch: 'x86_64', os.version: '10.16', java.version: '15.0.1'
Driver info: org.openqa.selenium.remote.RemoteWebDriver
Capabilities {acceptInsecureCerts: false, browserName: chrome, browserVersion: 78.0.3904.70, chrome: {chromedriverVersion: 78.0.3904.70 (edb9c9f3de024..., userDataDir: /tmp/.com.google.Chrome.UV9r6j}, goog:chromeOptions: {debuggerAddress: localhost:42687}, javascriptEnabled: true, networkConnectionEnabled: false, pageLoadStrategy: normal, platform: LINUX, platformName: LINUX, proxy: Proxy(), setWindowRect: true, strictFileInteractability: false, timeouts: {implicit: 0, pageLoad: 300000, script: 30000}, unhandledPromptBehavior: dismiss and notify, webdriver.remote.sessionid: b0800ae39adb2ae89d5b1632427...}
Session ID: b0800ae39adb2ae89d5b163242711994
*** Element info: {Using=id, value=hello fail}
	at TestsCICD.RandomTest10(TestsCICD.java:64)
</failure>
  </testcase>
</testsuite>